{"/Users/avianaftali/WebDevEx2/src/app.ts": {"path":"/Users/avianaftali/WebDevEx2/src/app.ts","statementMap":{"0":{"start":{"line":1,"column":0},"end":{"line":1,"column":28}},"1":{"start":{"line":2,"column":0},"end":{"line":2,"column":16}},"2":{"start":{"line":4,"column":0},"end":{"line":4,"column":43}},"3":{"start":{"line":5,"column":0},"end":{"line":5,"column":32}},"4":{"start":{"line":6,"column":0},"end":{"line":6,"column":40}},"5":{"start":{"line":7,"column":0},"end":{"line":7,"column":45}},"6":{"start":{"line":8,"column":0},"end":{"line":8,"column":39}},"7":{"start":{"line":9,"column":0},"end":{"line":9,"column":39}},"8":{"start":{"line":10,"column":0},"end":{"line":10,"column":43}},"9":{"start":{"line":11,"column":0},"end":{"line":11,"column":36}},"10":{"start":{"line":13,"column":12},"end":{"line":13,"column":21}},"11":{"start":{"line":14,"column":0},"end":{"line":14,"column":24}},"12":{"start":{"line":15,"column":0},"end":{"line":15,"column":34}},"13":{"start":{"line":16,"column":0},"end":{"line":16,"column":30}},"14":{"start":{"line":17,"column":0},"end":{"line":17,"column":36}},"15":{"start":{"line":18,"column":0},"end":{"line":18,"column":29}},"16":{"start":{"line":19,"column":0},"end":{"line":19,"column":29}},"17":{"start":{"line":20,"column":0},"end":{"line":20,"column":64}},"18":{"start":{"line":22,"column":16},"end":{"line":39,"column":1}},"19":{"start":{"line":23,"column":18},"end":{"line":37,"column":2}},"20":{"start":{"line":24,"column":18},"end":{"line":24,"column":42}},"21":{"start":{"line":25,"column":4},"end":{"line":28,"column":5}},"22":{"start":{"line":26,"column":6},"end":{"line":26,"column":44}},"23":{"start":{"line":27,"column":6},"end":{"line":27,"column":13}},"24":{"start":{"line":29,"column":4},"end":{"line":32,"column":6}},"25":{"start":{"line":31,"column":6},"end":{"line":31,"column":19}},"26":{"start":{"line":33,"column":13},"end":{"line":33,"column":32}},"27":{"start":{"line":34,"column":2},"end":{"line":34,"column":50}},"28":{"start":{"line":34,"column":28},"end":{"line":34,"column":48}},"29":{"start":{"line":35,"column":2},"end":{"line":35,"column":62}},"30":{"start":{"line":35,"column":24},"end":{"line":35,"column":60}},"31":{"start":{"line":38,"column":2},"end":{"line":38,"column":17}},"32":{"start":{"line":41,"column":0},"end":{"line":41,"column":23}}},"fnMap":{"0":{"name":"(anonymous_1)","decl":{"start":{"line":22,"column":16},"end":{"line":22,"column":19}},"loc":{"start":{"line":22,"column":21},"end":{"line":39,"column":1}}},"1":{"name":"(anonymous_2)","decl":{"start":{"line":23,"column":39},"end":{"line":23,"column":40}},"loc":{"start":{"line":23,"column":59},"end":{"line":37,"column":1}}},"2":{"name":"(anonymous_3)","decl":{"start":{"line":30,"column":10},"end":{"line":30,"column":13}},"loc":{"start":{"line":30,"column":15},"end":{"line":31,"column":19}}},"3":{"name":"(anonymous_4)","decl":{"start":{"line":34,"column":17},"end":{"line":34,"column":18}},"loc":{"start":{"line":34,"column":28},"end":{"line":34,"column":48}}},"4":{"name":"(anonymous_5)","decl":{"start":{"line":35,"column":18},"end":{"line":35,"column":21}},"loc":{"start":{"line":35,"column":24},"end":{"line":35,"column":60}}}},"branchMap":{"0":{"loc":{"start":{"line":25,"column":4},"end":{"line":28,"column":5}},"type":"if","locations":[{"start":{"line":25,"column":4},"end":{"line":28,"column":5}},{"start":{},"end":{}}]}},"s":{"0":5,"1":5,"2":5,"3":5,"4":5,"5":5,"6":5,"7":5,"8":5,"9":5,"10":5,"11":5,"12":5,"13":5,"14":5,"15":5,"16":5,"17":5,"18":5,"19":5,"20":5,"21":5,"22":1,"23":1,"24":4,"25":4,"26":4,"27":4,"28":0,"29":4,"30":4,"31":5,"32":5},"f":{"0":5,"1":5,"2":4,"3":0,"4":4},"b":{"0":[1,4]}}
,"/Users/avianaftali/WebDevEx2/src/swagger.ts": {"path":"/Users/avianaftali/WebDevEx2/src/swagger.ts","statementMap":{"0":{"start":{"line":2,"column":0},"end":{"line":2,"column":43}},"1":{"start":{"line":3,"column":0},"end":{"line":3,"column":41}},"2":{"start":{"line":5,"column":19},"end":{"line":52,"column":2}},"3":{"start":{"line":54,"column":16},"end":{"line":57,"column":2}},"4":{"start":{"line":59,"column":20},"end":{"line":59,"column":48}},"5":{"start":{"line":61,"column":28},"end":{"line":63,"column":1}},"6":{"start":{"line":62,"column":2},"end":{"line":62,"column":73}},"7":{"start":{"line":61,"column":13},"end":{"line":61,"column":28}},"8":{"start":{"line":65,"column":0},"end":{"line":65,"column":27}}},"fnMap":{"0":{"name":"(anonymous_1)","decl":{"start":{"line":61,"column":28},"end":{"line":61,"column":29}},"loc":{"start":{"line":61,"column":45},"end":{"line":63,"column":1}}}},"branchMap":{},"s":{"0":5,"1":5,"2":5,"3":5,"4":5,"5":5,"6":0,"7":5,"8":5},"f":{"0":0},"b":{}}
,"/Users/avianaftali/WebDevEx2/src/controllers/auth.ts": {"path":"/Users/avianaftali/WebDevEx2/src/controllers/auth.ts","statementMap":{"0":{"start":{"line":2,"column":0},"end":{"line":2,"column":34}},"1":{"start":{"line":3,"column":0},"end":{"line":3,"column":null}},"2":{"start":{"line":13,"column":17},"end":{"line":74,"column":2}},"3":{"start":{"line":13,"column":55},"end":{"line":74,"column":2}},"4":{"start":{"line":14,"column":4},"end":{"line":73,"column":5}},"5":{"start":{"line":15,"column":46},"end":{"line":15,"column":54}},"6":{"start":{"line":18,"column":8},"end":{"line":22,"column":9}},"7":{"start":{"line":19,"column":12},"end":{"line":21,"column":15}},"8":{"start":{"line":25,"column":29},"end":{"line":27,"column":10}},"9":{"start":{"line":29,"column":8},"end":{"line":33,"column":9}},"10":{"start":{"line":30,"column":12},"end":{"line":32,"column":15}},"11":{"start":{"line":36,"column":21},"end":{"line":41,"column":10}},"12":{"start":{"line":44,"column":29},"end":{"line":48,"column":10}},"13":{"start":{"line":50,"column":28},"end":{"line":50,"column":61}},"14":{"start":{"line":51,"column":29},"end":{"line":51,"column":63}},"15":{"start":{"line":54,"column":8},"end":{"line":56,"column":9}},"16":{"start":{"line":55,"column":12},"end":{"line":55,"column":36}},"17":{"start":{"line":57,"column":9},"end":{"line":57,"column":60}},"18":{"start":{"line":58,"column":8},"end":{"line":58,"column":26}},"19":{"start":{"line":61,"column":8},"end":{"line":70,"column":11}},"20":{"start":{"line":72,"column":8},"end":{"line":72,"column":66}},"21":{"start":{"line":80,"column":14},"end":{"line":140,"column":2}},"22":{"start":{"line":80,"column":52},"end":{"line":140,"column":2}},"23":{"start":{"line":81,"column":4},"end":{"line":139,"column":5}},"24":{"start":{"line":82,"column":36},"end":{"line":82,"column":44}},"25":{"start":{"line":85,"column":8},"end":{"line":89,"column":9}},"26":{"start":{"line":86,"column":12},"end":{"line":88,"column":15}},"27":{"start":{"line":92,"column":21},"end":{"line":92,"column":50}},"28":{"start":{"line":94,"column":8},"end":{"line":98,"column":9}},"29":{"start":{"line":95,"column":12},"end":{"line":97,"column":15}},"30":{"start":{"line":101,"column":32},"end":{"line":101,"column":77}},"31":{"start":{"line":103,"column":8},"end":{"line":107,"column":9}},"32":{"start":{"line":104,"column":12},"end":{"line":106,"column":15}},"33":{"start":{"line":110,"column":29},"end":{"line":114,"column":10}},"34":{"start":{"line":116,"column":28},"end":{"line":116,"column":61}},"35":{"start":{"line":117,"column":29},"end":{"line":117,"column":63}},"36":{"start":{"line":120,"column":8},"end":{"line":122,"column":9}},"37":{"start":{"line":121,"column":12},"end":{"line":121,"column":36}},"38":{"start":{"line":123,"column":9},"end":{"line":123,"column":60}},"39":{"start":{"line":124,"column":8},"end":{"line":124,"column":26}},"40":{"start":{"line":127,"column":8},"end":{"line":136,"column":11}},"41":{"start":{"line":138,"column":8},"end":{"line":138,"column":66}},"42":{"start":{"line":147,"column":15},"end":{"line":197,"column":2}},"43":{"start":{"line":147,"column":53},"end":{"line":197,"column":2}},"44":{"start":{"line":148,"column":4},"end":{"line":196,"column":5}},"45":{"start":{"line":150,"column":28},"end":{"line":150,"column":56}},"46":{"start":{"line":151,"column":22},"end":{"line":151,"column":62}},"47":{"start":{"line":153,"column":8},"end":{"line":157,"column":9}},"48":{"start":{"line":154,"column":12},"end":{"line":156,"column":15}},"49":{"start":{"line":160,"column":24},"end":{"line":160,"column":49}},"50":{"start":{"line":162,"column":8},"end":{"line":166,"column":9}},"51":{"start":{"line":163,"column":12},"end":{"line":165,"column":15}},"52":{"start":{"line":169,"column":21},"end":{"line":169,"column":56}},"53":{"start":{"line":171,"column":8},"end":{"line":175,"column":9}},"54":{"start":{"line":172,"column":12},"end":{"line":174,"column":15}},"55":{"start":{"line":179,"column":8},"end":{"line":186,"column":9}},"56":{"start":{"line":181,"column":12},"end":{"line":181,"column":36}},"57":{"start":{"line":182,"column":12},"end":{"line":182,"column":30}},"58":{"start":{"line":183,"column":12},"end":{"line":185,"column":15}},"59":{"start":{"line":189,"column":28},"end":{"line":189,"column":74}},"60":{"start":{"line":190,"column":9},"end":{"line":190,"column":63}},"61":{"start":{"line":191,"column":8},"end":{"line":191,"column":26}},"62":{"start":{"line":193,"column":8},"end":{"line":193,"column":51}},"63":{"start":{"line":195,"column":8},"end":{"line":195,"column":66}},"64":{"start":{"line":204,"column":16},"end":{"line":269,"column":2}},"65":{"start":{"line":204,"column":54},"end":{"line":269,"column":2}},"66":{"start":{"line":205,"column":4},"end":{"line":268,"column":5}},"67":{"start":{"line":207,"column":28},"end":{"line":207,"column":56}},"68":{"start":{"line":208,"column":22},"end":{"line":208,"column":62}},"69":{"start":{"line":210,"column":8},"end":{"line":214,"column":9}},"70":{"start":{"line":211,"column":12},"end":{"line":213,"column":15}},"71":{"start":{"line":217,"column":24},"end":{"line":217,"column":49}},"72":{"start":{"line":219,"column":8},"end":{"line":223,"column":9}},"73":{"start":{"line":220,"column":12},"end":{"line":222,"column":15}},"74":{"start":{"line":226,"column":21},"end":{"line":226,"column":56}},"75":{"start":{"line":228,"column":8},"end":{"line":232,"column":9}},"76":{"start":{"line":229,"column":12},"end":{"line":231,"column":15}},"77":{"start":{"line":236,"column":8},"end":{"line":243,"column":9}},"78":{"start":{"line":238,"column":12},"end":{"line":238,"column":36}},"79":{"start":{"line":239,"column":12},"end":{"line":239,"column":30}},"80":{"start":{"line":240,"column":12},"end":{"line":242,"column":15}},"81":{"start":{"line":246,"column":29},"end":{"line":250,"column":10}},"82":{"start":{"line":252,"column":31},"end":{"line":252,"column":64}},"83":{"start":{"line":253,"column":32},"end":{"line":253,"column":66}},"84":{"start":{"line":256,"column":28},"end":{"line":256,"column":74}},"85":{"start":{"line":257,"column":9},"end":{"line":257,"column":71}},"86":{"start":{"line":258,"column":8},"end":{"line":258,"column":26}},"87":{"start":{"line":261,"column":8},"end":{"line":265,"column":11}},"88":{"start":{"line":267,"column":8},"end":{"line":267,"column":66}},"89":{"start":{"line":271,"column":0},"end":{"line":276,"column":2}}},"fnMap":{"0":{"name":"(anonymous_8)","decl":{"start":{"line":13,"column":17},"end":{"line":13,"column":24}},"loc":{"start":{"line":13,"column":55},"end":{"line":74,"column":2}}},"1":{"name":"(anonymous_9)","decl":{"start":{"line":13,"column":55},"end":{"line":13,"column":null}},"loc":{"start":{"line":13,"column":55},"end":{"line":74,"column":1}}},"2":{"name":"(anonymous_10)","decl":{"start":{"line":80,"column":14},"end":{"line":80,"column":21}},"loc":{"start":{"line":80,"column":52},"end":{"line":140,"column":2}}},"3":{"name":"(anonymous_11)","decl":{"start":{"line":80,"column":52},"end":{"line":80,"column":null}},"loc":{"start":{"line":80,"column":52},"end":{"line":140,"column":1}}},"4":{"name":"(anonymous_12)","decl":{"start":{"line":147,"column":15},"end":{"line":147,"column":22}},"loc":{"start":{"line":147,"column":53},"end":{"line":197,"column":2}}},"5":{"name":"(anonymous_13)","decl":{"start":{"line":147,"column":53},"end":{"line":147,"column":null}},"loc":{"start":{"line":147,"column":53},"end":{"line":197,"column":1}}},"6":{"name":"(anonymous_14)","decl":{"start":{"line":204,"column":16},"end":{"line":204,"column":23}},"loc":{"start":{"line":204,"column":54},"end":{"line":269,"column":2}}},"7":{"name":"(anonymous_15)","decl":{"start":{"line":204,"column":54},"end":{"line":204,"column":null}},"loc":{"start":{"line":204,"column":54},"end":{"line":269,"column":1}}}},"branchMap":{"0":{"loc":{"start":{"line":18,"column":8},"end":{"line":22,"column":9}},"type":"if","locations":[{"start":{"line":18,"column":8},"end":{"line":22,"column":9}},{"start":{},"end":{}}]},"1":{"loc":{"start":{"line":18,"column":12},"end":{"line":18,"column":44}},"type":"binary-expr","locations":[{"start":{"line":18,"column":12},"end":{"line":18,"column":21}},{"start":{"line":18,"column":25},"end":{"line":18,"column":31}},{"start":{"line":18,"column":35},"end":{"line":18,"column":44}}]},"2":{"loc":{"start":{"line":29,"column":8},"end":{"line":33,"column":9}},"type":"if","locations":[{"start":{"line":29,"column":8},"end":{"line":33,"column":9}},{"start":{},"end":{}}]},"3":{"loc":{"start":{"line":54,"column":8},"end":{"line":56,"column":9}},"type":"if","locations":[{"start":{"line":54,"column":8},"end":{"line":56,"column":9}},{"start":{},"end":{}}]},"4":{"loc":{"start":{"line":85,"column":8},"end":{"line":89,"column":9}},"type":"if","locations":[{"start":{"line":85,"column":8},"end":{"line":89,"column":9}},{"start":{},"end":{}}]},"5":{"loc":{"start":{"line":85,"column":12},"end":{"line":85,"column":31}},"type":"binary-expr","locations":[{"start":{"line":85,"column":12},"end":{"line":85,"column":18}},{"start":{"line":85,"column":22},"end":{"line":85,"column":31}}]},"6":{"loc":{"start":{"line":94,"column":8},"end":{"line":98,"column":9}},"type":"if","locations":[{"start":{"line":94,"column":8},"end":{"line":98,"column":9}},{"start":{},"end":{}}]},"7":{"loc":{"start":{"line":103,"column":8},"end":{"line":107,"column":9}},"type":"if","locations":[{"start":{"line":103,"column":8},"end":{"line":107,"column":9}},{"start":{},"end":{}}]},"8":{"loc":{"start":{"line":120,"column":8},"end":{"line":122,"column":9}},"type":"if","locations":[{"start":{"line":120,"column":8},"end":{"line":122,"column":9}},{"start":{},"end":{}}]},"9":{"loc":{"start":{"line":151,"column":22},"end":{"line":151,"column":62}},"type":"binary-expr","locations":[{"start":{"line":151,"column":22},"end":{"line":151,"column":33}},{"start":{"line":151,"column":37},"end":{"line":151,"column":62}}]},"10":{"loc":{"start":{"line":153,"column":8},"end":{"line":157,"column":9}},"type":"if","locations":[{"start":{"line":153,"column":8},"end":{"line":157,"column":9}},{"start":{},"end":{}}]},"11":{"loc":{"start":{"line":162,"column":8},"end":{"line":166,"column":9}},"type":"if","locations":[{"start":{"line":162,"column":8},"end":{"line":166,"column":9}},{"start":{},"end":{}}]},"12":{"loc":{"start":{"line":171,"column":8},"end":{"line":175,"column":9}},"type":"if","locations":[{"start":{"line":171,"column":8},"end":{"line":175,"column":9}},{"start":{},"end":{}}]},"13":{"loc":{"start":{"line":179,"column":8},"end":{"line":186,"column":9}},"type":"if","locations":[{"start":{"line":179,"column":8},"end":{"line":186,"column":9}},{"start":{},"end":{}}]},"14":{"loc":{"start":{"line":179,"column":12},"end":{"line":179,"column":84}},"type":"binary-expr","locations":[{"start":{"line":179,"column":12},"end":{"line":179,"column":31}},{"start":{"line":179,"column":35},"end":{"line":179,"column":84}}]},"15":{"loc":{"start":{"line":208,"column":22},"end":{"line":208,"column":62}},"type":"binary-expr","locations":[{"start":{"line":208,"column":22},"end":{"line":208,"column":33}},{"start":{"line":208,"column":37},"end":{"line":208,"column":62}}]},"16":{"loc":{"start":{"line":210,"column":8},"end":{"line":214,"column":9}},"type":"if","locations":[{"start":{"line":210,"column":8},"end":{"line":214,"column":9}},{"start":{},"end":{}}]},"17":{"loc":{"start":{"line":219,"column":8},"end":{"line":223,"column":9}},"type":"if","locations":[{"start":{"line":219,"column":8},"end":{"line":223,"column":9}},{"start":{},"end":{}}]},"18":{"loc":{"start":{"line":228,"column":8},"end":{"line":232,"column":9}},"type":"if","locations":[{"start":{"line":228,"column":8},"end":{"line":232,"column":9}},{"start":{},"end":{}}]},"19":{"loc":{"start":{"line":236,"column":8},"end":{"line":243,"column":9}},"type":"if","locations":[{"start":{"line":236,"column":8},"end":{"line":243,"column":9}},{"start":{},"end":{}}]},"20":{"loc":{"start":{"line":236,"column":12},"end":{"line":236,"column":84}},"type":"binary-expr","locations":[{"start":{"line":236,"column":12},"end":{"line":236,"column":31}},{"start":{"line":236,"column":35},"end":{"line":236,"column":84}}]}},"s":{"0":5,"1":5,"2":5,"3":45,"4":45,"5":45,"6":45,"7":0,"8":45,"9":44,"10":0,"11":44,"12":44,"13":44,"14":44,"15":44,"16":1,"17":44,"18":44,"19":44,"20":1,"21":5,"22":46,"23":46,"24":46,"25":46,"26":1,"27":45,"28":44,"29":0,"30":44,"31":44,"32":2,"33":42,"34":42,"35":42,"36":42,"37":1,"38":42,"39":42,"40":42,"41":1,"42":5,"43":2,"44":2,"45":2,"46":2,"47":2,"48":0,"49":2,"50":2,"51":0,"52":2,"53":2,"54":0,"55":2,"56":1,"57":1,"58":1,"59":1,"60":1,"61":1,"62":1,"63":0,"64":5,"65":5,"66":5,"67":5,"68":5,"69":5,"70":0,"71":5,"72":5,"73":1,"74":4,"75":4,"76":1,"77":3,"78":1,"79":1,"80":1,"81":2,"82":2,"83":2,"84":2,"85":2,"86":2,"87":2,"88":0,"89":5},"f":{"0":45,"1":45,"2":46,"3":46,"4":2,"5":2,"6":5,"7":5},"b":{"0":[0,45],"1":[45,45,45],"2":[0,44],"3":[1,43],"4":[1,45],"5":[46,46],"6":[0,44],"7":[2,42],"8":[1,41],"9":[2,2],"10":[0,2],"11":[0,2],"12":[0,2],"13":[1,1],"14":[2,2],"15":[5,5],"16":[0,5],"17":[1,4],"18":[1,3],"19":[1,2],"20":[3,3]}}
,"/Users/avianaftali/WebDevEx2/src/controllers/comment.ts": {"path":"/Users/avianaftali/WebDevEx2/src/controllers/comment.ts","statementMap":{"0":{"start":{"line":2,"column":0},"end":{"line":2,"column":40}},"1":{"start":{"line":3,"column":0},"end":{"line":3,"column":34}},"2":{"start":{"line":5,"column":22},"end":{"line":23,"column":null}},"3":{"start":{"line":5,"column":60},"end":{"line":23,"column":null}},"4":{"start":{"line":6,"column":4},"end":{"line":22,"column":5}},"5":{"start":{"line":7,"column":27},"end":{"line":7,"column":37}},"6":{"start":{"line":8,"column":28},"end":{"line":8,"column":36}},"7":{"start":{"line":9,"column":21},"end":{"line":9,"column":48}},"8":{"start":{"line":10,"column":8},"end":{"line":12,"column":9}},"9":{"start":{"line":11,"column":12},"end":{"line":11,"column":69}},"10":{"start":{"line":13,"column":24},"end":{"line":17,"column":10}},"11":{"start":{"line":18,"column":33},"end":{"line":18,"column":105}},"12":{"start":{"line":19,"column":8},"end":{"line":19,"column":47}},"13":{"start":{"line":21,"column":8},"end":{"line":21,"column":66}},"14":{"start":{"line":25,"column":26},"end":{"line":33,"column":null}},"15":{"start":{"line":25,"column":64},"end":{"line":33,"column":null}},"16":{"start":{"line":26,"column":4},"end":{"line":32,"column":5}},"17":{"start":{"line":27,"column":27},"end":{"line":27,"column":37}},"18":{"start":{"line":28,"column":25},"end":{"line":28,"column":92}},"19":{"start":{"line":29,"column":8},"end":{"line":29,"column":27}},"20":{"start":{"line":31,"column":8},"end":{"line":31,"column":66}},"21":{"start":{"line":35,"column":23},"end":{"line":42,"column":null}},"22":{"start":{"line":35,"column":61},"end":{"line":42,"column":null}},"23":{"start":{"line":36,"column":4},"end":{"line":41,"column":5}},"24":{"start":{"line":37,"column":25},"end":{"line":37,"column":84}},"25":{"start":{"line":38,"column":8},"end":{"line":38,"column":27}},"26":{"start":{"line":40,"column":8},"end":{"line":40,"column":66}},"27":{"start":{"line":44,"column":23},"end":{"line":54,"column":null}},"28":{"start":{"line":44,"column":61},"end":{"line":54,"column":null}},"29":{"start":{"line":45,"column":4},"end":{"line":53,"column":5}},"30":{"start":{"line":46,"column":24},"end":{"line":46,"column":105}},"31":{"start":{"line":47,"column":8},"end":{"line":49,"column":9}},"32":{"start":{"line":48,"column":12},"end":{"line":48,"column":72}},"33":{"start":{"line":50,"column":8},"end":{"line":50,"column":26}},"34":{"start":{"line":52,"column":8},"end":{"line":52,"column":66}},"35":{"start":{"line":56,"column":26},"end":{"line":78,"column":null}},"36":{"start":{"line":56,"column":64},"end":{"line":78,"column":null}},"37":{"start":{"line":57,"column":22},"end":{"line":57,"column":42}},"38":{"start":{"line":58,"column":24},"end":{"line":58,"column":32}},"39":{"start":{"line":59,"column":4},"end":{"line":77,"column":5}},"40":{"start":{"line":61,"column":24},"end":{"line":61,"column":57}},"41":{"start":{"line":62,"column":8},"end":{"line":64,"column":9}},"42":{"start":{"line":63,"column":12},"end":{"line":63,"column":72}},"43":{"start":{"line":67,"column":8},"end":{"line":71,"column":9}},"44":{"start":{"line":68,"column":12},"end":{"line":70,"column":15}},"45":{"start":{"line":73,"column":31},"end":{"line":73,"column":138}},"46":{"start":{"line":74,"column":8},"end":{"line":74,"column":33}},"47":{"start":{"line":76,"column":8},"end":{"line":76,"column":66}},"48":{"start":{"line":81,"column":26},"end":{"line":101,"column":null}},"49":{"start":{"line":81,"column":64},"end":{"line":101,"column":null}},"50":{"start":{"line":82,"column":4},"end":{"line":100,"column":5}},"51":{"start":{"line":84,"column":24},"end":{"line":84,"column":68}},"52":{"start":{"line":85,"column":8},"end":{"line":87,"column":9}},"53":{"start":{"line":86,"column":12},"end":{"line":86,"column":72}},"54":{"start":{"line":90,"column":8},"end":{"line":94,"column":9}},"55":{"start":{"line":91,"column":12},"end":{"line":93,"column":15}},"56":{"start":{"line":96,"column":8},"end":{"line":96,"column":62}},"57":{"start":{"line":97,"column":8},"end":{"line":97,"column":62}},"58":{"start":{"line":99,"column":8},"end":{"line":99,"column":66}},"59":{"start":{"line":103,"column":0},"end":{"line":110,"column":null}}},"fnMap":{"0":{"name":"(anonymous_8)","decl":{"start":{"line":5,"column":22},"end":{"line":5,"column":29}},"loc":{"start":{"line":5,"column":60},"end":{"line":23,"column":null}}},"1":{"name":"(anonymous_9)","decl":{"start":{"line":5,"column":60},"end":{"line":5,"column":null}},"loc":{"start":{"line":5,"column":60},"end":{"line":23,"column":1}}},"2":{"name":"(anonymous_10)","decl":{"start":{"line":25,"column":26},"end":{"line":25,"column":33}},"loc":{"start":{"line":25,"column":64},"end":{"line":33,"column":null}}},"3":{"name":"(anonymous_11)","decl":{"start":{"line":25,"column":64},"end":{"line":25,"column":null}},"loc":{"start":{"line":25,"column":64},"end":{"line":33,"column":1}}},"4":{"name":"(anonymous_12)","decl":{"start":{"line":35,"column":23},"end":{"line":35,"column":30}},"loc":{"start":{"line":35,"column":61},"end":{"line":42,"column":null}}},"5":{"name":"(anonymous_13)","decl":{"start":{"line":35,"column":61},"end":{"line":35,"column":null}},"loc":{"start":{"line":35,"column":61},"end":{"line":42,"column":1}}},"6":{"name":"(anonymous_14)","decl":{"start":{"line":44,"column":23},"end":{"line":44,"column":30}},"loc":{"start":{"line":44,"column":61},"end":{"line":54,"column":null}}},"7":{"name":"(anonymous_15)","decl":{"start":{"line":44,"column":61},"end":{"line":44,"column":null}},"loc":{"start":{"line":44,"column":61},"end":{"line":54,"column":1}}},"8":{"name":"(anonymous_16)","decl":{"start":{"line":56,"column":26},"end":{"line":56,"column":33}},"loc":{"start":{"line":56,"column":64},"end":{"line":78,"column":null}}},"9":{"name":"(anonymous_17)","decl":{"start":{"line":56,"column":64},"end":{"line":56,"column":null}},"loc":{"start":{"line":56,"column":64},"end":{"line":78,"column":1}}},"10":{"name":"(anonymous_18)","decl":{"start":{"line":81,"column":26},"end":{"line":81,"column":33}},"loc":{"start":{"line":81,"column":64},"end":{"line":101,"column":null}}},"11":{"name":"(anonymous_19)","decl":{"start":{"line":81,"column":64},"end":{"line":81,"column":null}},"loc":{"start":{"line":81,"column":64},"end":{"line":101,"column":1}}}},"branchMap":{"0":{"loc":{"start":{"line":10,"column":8},"end":{"line":12,"column":9}},"type":"if","locations":[{"start":{"line":10,"column":8},"end":{"line":12,"column":9}},{"start":{},"end":{}}]},"1":{"loc":{"start":{"line":47,"column":8},"end":{"line":49,"column":9}},"type":"if","locations":[{"start":{"line":47,"column":8},"end":{"line":49,"column":9}},{"start":{},"end":{}}]},"2":{"loc":{"start":{"line":62,"column":8},"end":{"line":64,"column":9}},"type":"if","locations":[{"start":{"line":62,"column":8},"end":{"line":64,"column":9}},{"start":{},"end":{}}]},"3":{"loc":{"start":{"line":67,"column":8},"end":{"line":71,"column":9}},"type":"if","locations":[{"start":{"line":67,"column":8},"end":{"line":71,"column":9}},{"start":{},"end":{}}]},"4":{"loc":{"start":{"line":85,"column":8},"end":{"line":87,"column":9}},"type":"if","locations":[{"start":{"line":85,"column":8},"end":{"line":87,"column":9}},{"start":{},"end":{}}]},"5":{"loc":{"start":{"line":90,"column":8},"end":{"line":94,"column":9}},"type":"if","locations":[{"start":{"line":90,"column":8},"end":{"line":94,"column":9}},{"start":{},"end":{}}]}},"s":{"0":5,"1":5,"2":5,"3":1,"4":1,"5":1,"6":1,"7":1,"8":1,"9":0,"10":1,"11":1,"12":1,"13":0,"14":5,"15":1,"16":1,"17":1,"18":1,"19":1,"20":0,"21":5,"22":1,"23":1,"24":1,"25":1,"26":0,"27":5,"28":2,"29":2,"30":2,"31":2,"32":1,"33":1,"34":0,"35":5,"36":2,"37":2,"38":2,"39":2,"40":2,"41":2,"42":0,"43":2,"44":1,"45":1,"46":1,"47":0,"48":5,"49":2,"50":2,"51":2,"52":2,"53":1,"54":1,"55":0,"56":1,"57":1,"58":0,"59":5},"f":{"0":1,"1":1,"2":1,"3":1,"4":1,"5":1,"6":2,"7":2,"8":2,"9":2,"10":2,"11":2},"b":{"0":[0,1],"1":[1,1],"2":[0,2],"3":[1,1],"4":[1,1],"5":[0,1]}}
,"/Users/avianaftali/WebDevEx2/src/controllers/posts.ts": {"path":"/Users/avianaftali/WebDevEx2/src/controllers/posts.ts","statementMap":{"0":{"start":{"line":2,"column":0},"end":{"line":2,"column":34}},"1":{"start":{"line":4,"column":19},"end":{"line":15,"column":2}},"2":{"start":{"line":4,"column":57},"end":{"line":15,"column":2}},"3":{"start":{"line":5,"column":4},"end":{"line":14,"column":5}},"4":{"start":{"line":7,"column":21},"end":{"line":9,"column":null}},"5":{"start":{"line":11,"column":8},"end":{"line":11,"column":35}},"6":{"start":{"line":13,"column":8},"end":{"line":13,"column":55}},"7":{"start":{"line":17,"column":17},"end":{"line":25,"column":2}},"8":{"start":{"line":17,"column":55},"end":{"line":25,"column":2}},"9":{"start":{"line":18,"column":4},"end":{"line":24,"column":5}},"10":{"start":{"line":19,"column":23},"end":{"line":19,"column":75}},"11":{"start":{"line":20,"column":22},"end":{"line":20,"column":82}},"12":{"start":{"line":21,"column":8},"end":{"line":21,"column":24}},"13":{"start":{"line":23,"column":8},"end":{"line":23,"column":55}},"14":{"start":{"line":27,"column":20},"end":{"line":35,"column":2}},"15":{"start":{"line":27,"column":58},"end":{"line":35,"column":2}},"16":{"start":{"line":28,"column":4},"end":{"line":34,"column":5}},"17":{"start":{"line":29,"column":21},"end":{"line":29,"column":96}},"18":{"start":{"line":30,"column":8},"end":{"line":31,"column":52}},"19":{"start":{"line":30,"column":18},"end":{"line":30,"column":33}},"20":{"start":{"line":31,"column":13},"end":{"line":31,"column":52}},"21":{"start":{"line":33,"column":8},"end":{"line":33,"column":55}},"22":{"start":{"line":37,"column":23},"end":{"line":63,"column":2}},"23":{"start":{"line":37,"column":61},"end":{"line":63,"column":2}},"24":{"start":{"line":38,"column":4},"end":{"line":62,"column":5}},"25":{"start":{"line":40,"column":21},"end":{"line":40,"column":59}},"26":{"start":{"line":42,"column":8},"end":{"line":44,"column":9}},"27":{"start":{"line":43,"column":12},"end":{"line":43,"column":58}},"28":{"start":{"line":47,"column":8},"end":{"line":51,"column":9}},"29":{"start":{"line":48,"column":12},"end":{"line":50,"column":15}},"30":{"start":{"line":53,"column":28},"end":{"line":56,"column":null}},"31":{"start":{"line":59,"column":8},"end":{"line":59,"column":30}},"32":{"start":{"line":61,"column":8},"end":{"line":61,"column":55}},"33":{"start":{"line":65,"column":23},"end":{"line":86,"column":2}},"34":{"start":{"line":65,"column":61},"end":{"line":86,"column":2}},"35":{"start":{"line":66,"column":4},"end":{"line":85,"column":5}},"36":{"start":{"line":68,"column":21},"end":{"line":68,"column":59}},"37":{"start":{"line":70,"column":8},"end":{"line":72,"column":9}},"38":{"start":{"line":71,"column":12},"end":{"line":71,"column":58}},"39":{"start":{"line":75,"column":8},"end":{"line":79,"column":9}},"40":{"start":{"line":76,"column":12},"end":{"line":78,"column":15}},"41":{"start":{"line":81,"column":8},"end":{"line":81,"column":56}},"42":{"start":{"line":82,"column":8},"end":{"line":82,"column":59}},"43":{"start":{"line":84,"column":8},"end":{"line":84,"column":55}},"44":{"start":{"line":88,"column":0},"end":{"line":94,"column":2}}},"fnMap":{"0":{"name":"(anonymous_8)","decl":{"start":{"line":4,"column":19},"end":{"line":4,"column":26}},"loc":{"start":{"line":4,"column":57},"end":{"line":15,"column":2}}},"1":{"name":"(anonymous_9)","decl":{"start":{"line":4,"column":57},"end":{"line":4,"column":null}},"loc":{"start":{"line":4,"column":57},"end":{"line":15,"column":1}}},"2":{"name":"(anonymous_10)","decl":{"start":{"line":17,"column":17},"end":{"line":17,"column":24}},"loc":{"start":{"line":17,"column":55},"end":{"line":25,"column":2}}},"3":{"name":"(anonymous_11)","decl":{"start":{"line":17,"column":55},"end":{"line":17,"column":null}},"loc":{"start":{"line":17,"column":55},"end":{"line":25,"column":1}}},"4":{"name":"(anonymous_12)","decl":{"start":{"line":27,"column":20},"end":{"line":27,"column":27}},"loc":{"start":{"line":27,"column":58},"end":{"line":35,"column":2}}},"5":{"name":"(anonymous_13)","decl":{"start":{"line":27,"column":58},"end":{"line":27,"column":null}},"loc":{"start":{"line":27,"column":58},"end":{"line":35,"column":1}}},"6":{"name":"(anonymous_14)","decl":{"start":{"line":37,"column":23},"end":{"line":37,"column":30}},"loc":{"start":{"line":37,"column":61},"end":{"line":63,"column":2}}},"7":{"name":"(anonymous_15)","decl":{"start":{"line":37,"column":61},"end":{"line":37,"column":null}},"loc":{"start":{"line":37,"column":61},"end":{"line":63,"column":1}}},"8":{"name":"(anonymous_16)","decl":{"start":{"line":65,"column":23},"end":{"line":65,"column":30}},"loc":{"start":{"line":65,"column":61},"end":{"line":86,"column":2}}},"9":{"name":"(anonymous_17)","decl":{"start":{"line":65,"column":61},"end":{"line":65,"column":null}},"loc":{"start":{"line":65,"column":61},"end":{"line":86,"column":1}}}},"branchMap":{"0":{"loc":{"start":{"line":19,"column":23},"end":{"line":19,"column":75}},"type":"cond-expr","locations":[{"start":{"line":19,"column":42},"end":{"line":19,"column":70}},{"start":{"line":19,"column":73},"end":{"line":19,"column":75}}]},"1":{"loc":{"start":{"line":30,"column":8},"end":{"line":31,"column":52}},"type":"if","locations":[{"start":{"line":30,"column":8},"end":{"line":31,"column":52}},{"start":{"line":31,"column":13},"end":{"line":31,"column":52}}]},"2":{"loc":{"start":{"line":42,"column":8},"end":{"line":44,"column":9}},"type":"if","locations":[{"start":{"line":42,"column":8},"end":{"line":44,"column":9}},{"start":{},"end":{}}]},"3":{"loc":{"start":{"line":47,"column":8},"end":{"line":51,"column":9}},"type":"if","locations":[{"start":{"line":47,"column":8},"end":{"line":51,"column":9}},{"start":{},"end":{}}]},"4":{"loc":{"start":{"line":70,"column":8},"end":{"line":72,"column":9}},"type":"if","locations":[{"start":{"line":70,"column":8},"end":{"line":72,"column":9}},{"start":{},"end":{}}]},"5":{"loc":{"start":{"line":75,"column":8},"end":{"line":79,"column":9}},"type":"if","locations":[{"start":{"line":75,"column":8},"end":{"line":79,"column":9}},{"start":{},"end":{}}]}},"s":{"0":5,"1":5,"2":1,"3":1,"4":1,"5":1,"6":0,"7":5,"8":1,"9":1,"10":1,"11":1,"12":1,"13":0,"14":5,"15":2,"16":2,"17":2,"18":2,"19":1,"20":1,"21":0,"22":5,"23":2,"24":2,"25":2,"26":2,"27":0,"28":2,"29":1,"30":1,"31":1,"32":0,"33":5,"34":2,"35":2,"36":2,"37":2,"38":0,"39":2,"40":1,"41":1,"42":1,"43":0,"44":5},"f":{"0":1,"1":1,"2":1,"3":1,"4":2,"5":2,"6":2,"7":2,"8":2,"9":2},"b":{"0":[0,1],"1":[1,1],"2":[0,2],"3":[1,1],"4":[0,2],"5":[1,1]}}
,"/Users/avianaftali/WebDevEx2/src/controllers/user.ts": {"path":"/Users/avianaftali/WebDevEx2/src/controllers/user.ts","statementMap":{"0":{"start":{"line":2,"column":0},"end":{"line":2,"column":34}},"1":{"start":{"line":3,"column":0},"end":{"line":3,"column":34}},"2":{"start":{"line":4,"column":0},"end":{"line":4,"column":40}},"3":{"start":{"line":7,"column":19},"end":{"line":49,"column":2}},"4":{"start":{"line":7,"column":57},"end":{"line":49,"column":2}},"5":{"start":{"line":8,"column":4},"end":{"line":48,"column":5}},"6":{"start":{"line":9,"column":46},"end":{"line":9,"column":54}},"7":{"start":{"line":12,"column":8},"end":{"line":16,"column":9}},"8":{"start":{"line":13,"column":12},"end":{"line":15,"column":15}},"9":{"start":{"line":19,"column":29},"end":{"line":21,"column":10}},"10":{"start":{"line":23,"column":8},"end":{"line":27,"column":9}},"11":{"start":{"line":24,"column":12},"end":{"line":26,"column":15}},"12":{"start":{"line":30,"column":21},"end":{"line":34,"column":10}},"13":{"start":{"line":37,"column":29},"end":{"line":43,"column":10}},"14":{"start":{"line":45,"column":8},"end":{"line":45,"column":43}},"15":{"start":{"line":47,"column":8},"end":{"line":47,"column":66}},"16":{"start":{"line":52,"column":20},"end":{"line":60,"column":2}},"17":{"start":{"line":52,"column":58},"end":{"line":60,"column":2}},"18":{"start":{"line":53,"column":4},"end":{"line":59,"column":5}},"19":{"start":{"line":55,"column":22},"end":{"line":55,"column":61}},"20":{"start":{"line":56,"column":8},"end":{"line":56,"column":24}},"21":{"start":{"line":58,"column":8},"end":{"line":58,"column":66}},"22":{"start":{"line":63,"column":20},"end":{"line":75,"column":2}},"23":{"start":{"line":63,"column":58},"end":{"line":75,"column":2}},"24":{"start":{"line":64,"column":4},"end":{"line":74,"column":5}},"25":{"start":{"line":65,"column":21},"end":{"line":65,"column":79}},"26":{"start":{"line":67,"column":8},"end":{"line":69,"column":9}},"27":{"start":{"line":68,"column":12},"end":{"line":68,"column":69}},"28":{"start":{"line":71,"column":8},"end":{"line":71,"column":23}},"29":{"start":{"line":73,"column":8},"end":{"line":73,"column":66}},"30":{"start":{"line":78,"column":23},"end":{"line":112,"column":2}},"31":{"start":{"line":78,"column":61},"end":{"line":112,"column":2}},"32":{"start":{"line":79,"column":4},"end":{"line":111,"column":5}},"33":{"start":{"line":81,"column":8},"end":{"line":85,"column":9}},"34":{"start":{"line":82,"column":12},"end":{"line":84,"column":15}},"35":{"start":{"line":87,"column":62},"end":{"line":87,"column":70}},"36":{"start":{"line":90,"column":32},"end":{"line":90,"column":34}},"37":{"start":{"line":92,"column":8},"end":{"line":92,"column":53}},"38":{"start":{"line":92,"column":22},"end":{"line":92,"column":53}},"39":{"start":{"line":93,"column":8},"end":{"line":93,"column":44}},"40":{"start":{"line":93,"column":19},"end":{"line":93,"column":44}},"41":{"start":{"line":94,"column":8},"end":{"line":94,"column":70}},"42":{"start":{"line":94,"column":37},"end":{"line":94,"column":70}},"43":{"start":{"line":95,"column":8},"end":{"line":95,"column":67}},"44":{"start":{"line":95,"column":36},"end":{"line":95,"column":67}},"45":{"start":{"line":96,"column":8},"end":{"line":96,"column":52}},"46":{"start":{"line":96,"column":31},"end":{"line":96,"column":52}},"47":{"start":{"line":98,"column":28},"end":{"line":102,"column":29}},"48":{"start":{"line":104,"column":8},"end":{"line":106,"column":9}},"49":{"start":{"line":105,"column":12},"end":{"line":105,"column":69}},"50":{"start":{"line":108,"column":8},"end":{"line":108,"column":30}},"51":{"start":{"line":110,"column":8},"end":{"line":110,"column":66}},"52":{"start":{"line":115,"column":23},"end":{"line":137,"column":2}},"53":{"start":{"line":115,"column":61},"end":{"line":137,"column":2}},"54":{"start":{"line":116,"column":4},"end":{"line":136,"column":5}},"55":{"start":{"line":118,"column":8},"end":{"line":122,"column":9}},"56":{"start":{"line":119,"column":12},"end":{"line":121,"column":15}},"57":{"start":{"line":124,"column":21},"end":{"line":124,"column":88}},"58":{"start":{"line":126,"column":8},"end":{"line":128,"column":9}},"59":{"start":{"line":127,"column":12},"end":{"line":127,"column":69}},"60":{"start":{"line":130,"column":8},"end":{"line":133,"column":11}},"61":{"start":{"line":135,"column":8},"end":{"line":135,"column":66}},"62":{"start":{"line":140,"column":21},"end":{"line":147,"column":2}},"63":{"start":{"line":140,"column":59},"end":{"line":147,"column":2}},"64":{"start":{"line":141,"column":4},"end":{"line":146,"column":5}},"65":{"start":{"line":142,"column":22},"end":{"line":142,"column":105}},"66":{"start":{"line":143,"column":8},"end":{"line":143,"column":24}},"67":{"start":{"line":145,"column":8},"end":{"line":145,"column":66}},"68":{"start":{"line":150,"column":24},"end":{"line":157,"column":2}},"69":{"start":{"line":150,"column":62},"end":{"line":157,"column":2}},"70":{"start":{"line":151,"column":4},"end":{"line":156,"column":5}},"71":{"start":{"line":152,"column":25},"end":{"line":152,"column":111}},"72":{"start":{"line":153,"column":8},"end":{"line":153,"column":27}},"73":{"start":{"line":155,"column":8},"end":{"line":155,"column":66}},"74":{"start":{"line":159,"column":0},"end":{"line":167,"column":2}}},"fnMap":{"0":{"name":"(anonymous_8)","decl":{"start":{"line":7,"column":19},"end":{"line":7,"column":26}},"loc":{"start":{"line":7,"column":57},"end":{"line":49,"column":2}}},"1":{"name":"(anonymous_9)","decl":{"start":{"line":7,"column":57},"end":{"line":7,"column":null}},"loc":{"start":{"line":7,"column":57},"end":{"line":49,"column":1}}},"2":{"name":"(anonymous_10)","decl":{"start":{"line":52,"column":20},"end":{"line":52,"column":27}},"loc":{"start":{"line":52,"column":58},"end":{"line":60,"column":2}}},"3":{"name":"(anonymous_11)","decl":{"start":{"line":52,"column":58},"end":{"line":52,"column":null}},"loc":{"start":{"line":52,"column":58},"end":{"line":60,"column":1}}},"4":{"name":"(anonymous_12)","decl":{"start":{"line":63,"column":20},"end":{"line":63,"column":27}},"loc":{"start":{"line":63,"column":58},"end":{"line":75,"column":2}}},"5":{"name":"(anonymous_13)","decl":{"start":{"line":63,"column":58},"end":{"line":63,"column":null}},"loc":{"start":{"line":63,"column":58},"end":{"line":75,"column":1}}},"6":{"name":"(anonymous_14)","decl":{"start":{"line":78,"column":23},"end":{"line":78,"column":30}},"loc":{"start":{"line":78,"column":61},"end":{"line":112,"column":2}}},"7":{"name":"(anonymous_15)","decl":{"start":{"line":78,"column":61},"end":{"line":78,"column":null}},"loc":{"start":{"line":78,"column":61},"end":{"line":112,"column":1}}},"8":{"name":"(anonymous_16)","decl":{"start":{"line":115,"column":23},"end":{"line":115,"column":30}},"loc":{"start":{"line":115,"column":61},"end":{"line":137,"column":2}}},"9":{"name":"(anonymous_17)","decl":{"start":{"line":115,"column":61},"end":{"line":115,"column":null}},"loc":{"start":{"line":115,"column":61},"end":{"line":137,"column":1}}},"10":{"name":"(anonymous_18)","decl":{"start":{"line":140,"column":21},"end":{"line":140,"column":28}},"loc":{"start":{"line":140,"column":59},"end":{"line":147,"column":2}}},"11":{"name":"(anonymous_19)","decl":{"start":{"line":140,"column":59},"end":{"line":140,"column":null}},"loc":{"start":{"line":140,"column":59},"end":{"line":147,"column":1}}},"12":{"name":"(anonymous_20)","decl":{"start":{"line":150,"column":24},"end":{"line":150,"column":31}},"loc":{"start":{"line":150,"column":62},"end":{"line":157,"column":2}}},"13":{"name":"(anonymous_21)","decl":{"start":{"line":150,"column":62},"end":{"line":150,"column":null}},"loc":{"start":{"line":150,"column":62},"end":{"line":157,"column":1}}}},"branchMap":{"0":{"loc":{"start":{"line":12,"column":8},"end":{"line":16,"column":9}},"type":"if","locations":[{"start":{"line":12,"column":8},"end":{"line":16,"column":9}},{"start":{},"end":{}}]},"1":{"loc":{"start":{"line":12,"column":12},"end":{"line":12,"column":44}},"type":"binary-expr","locations":[{"start":{"line":12,"column":12},"end":{"line":12,"column":21}},{"start":{"line":12,"column":25},"end":{"line":12,"column":31}},{"start":{"line":12,"column":35},"end":{"line":12,"column":44}}]},"2":{"loc":{"start":{"line":23,"column":8},"end":{"line":27,"column":9}},"type":"if","locations":[{"start":{"line":23,"column":8},"end":{"line":27,"column":9}},{"start":{},"end":{}}]},"3":{"loc":{"start":{"line":67,"column":8},"end":{"line":69,"column":9}},"type":"if","locations":[{"start":{"line":67,"column":8},"end":{"line":69,"column":9}},{"start":{},"end":{}}]},"4":{"loc":{"start":{"line":81,"column":8},"end":{"line":85,"column":9}},"type":"if","locations":[{"start":{"line":81,"column":8},"end":{"line":85,"column":9}},{"start":{},"end":{}}]},"5":{"loc":{"start":{"line":92,"column":8},"end":{"line":92,"column":53}},"type":"if","locations":[{"start":{"line":92,"column":8},"end":{"line":92,"column":53}},{"start":{},"end":{}}]},"6":{"loc":{"start":{"line":93,"column":8},"end":{"line":93,"column":44}},"type":"if","locations":[{"start":{"line":93,"column":8},"end":{"line":93,"column":44}},{"start":{},"end":{}}]},"7":{"loc":{"start":{"line":94,"column":8},"end":{"line":94,"column":70}},"type":"if","locations":[{"start":{"line":94,"column":8},"end":{"line":94,"column":70}},{"start":{},"end":{}}]},"8":{"loc":{"start":{"line":95,"column":8},"end":{"line":95,"column":67}},"type":"if","locations":[{"start":{"line":95,"column":8},"end":{"line":95,"column":67}},{"start":{},"end":{}}]},"9":{"loc":{"start":{"line":96,"column":8},"end":{"line":96,"column":52}},"type":"if","locations":[{"start":{"line":96,"column":8},"end":{"line":96,"column":52}},{"start":{},"end":{}}]},"10":{"loc":{"start":{"line":104,"column":8},"end":{"line":106,"column":9}},"type":"if","locations":[{"start":{"line":104,"column":8},"end":{"line":106,"column":9}},{"start":{},"end":{}}]},"11":{"loc":{"start":{"line":118,"column":8},"end":{"line":122,"column":9}},"type":"if","locations":[{"start":{"line":118,"column":8},"end":{"line":122,"column":9}},{"start":{},"end":{}}]},"12":{"loc":{"start":{"line":126,"column":8},"end":{"line":128,"column":9}},"type":"if","locations":[{"start":{"line":126,"column":8},"end":{"line":128,"column":9}},{"start":{},"end":{}}]}},"s":{"0":5,"1":5,"2":5,"3":5,"4":2,"5":2,"6":2,"7":2,"8":1,"9":1,"10":1,"11":0,"12":1,"13":1,"14":1,"15":0,"16":5,"17":1,"18":1,"19":1,"20":1,"21":0,"22":5,"23":1,"24":1,"25":1,"26":1,"27":0,"28":1,"29":0,"30":5,"31":2,"32":2,"33":2,"34":1,"35":1,"36":1,"37":1,"38":0,"39":1,"40":0,"41":1,"42":1,"43":1,"44":1,"45":1,"46":0,"47":1,"48":1,"49":0,"50":1,"51":0,"52":5,"53":2,"54":2,"55":2,"56":1,"57":1,"58":1,"59":0,"60":1,"61":0,"62":5,"63":1,"64":1,"65":1,"66":1,"67":0,"68":5,"69":1,"70":1,"71":1,"72":1,"73":0,"74":5},"f":{"0":2,"1":2,"2":1,"3":1,"4":1,"5":1,"6":2,"7":2,"8":2,"9":2,"10":1,"11":1,"12":1,"13":1},"b":{"0":[1,1],"1":[2,2,1],"2":[0,1],"3":[0,1],"4":[1,1],"5":[0,1],"6":[0,1],"7":[1,0],"8":[1,0],"9":[0,1],"10":[0,1],"11":[1,1],"12":[0,1]}}
,"/Users/avianaftali/WebDevEx2/src/middleware/auth.ts": {"path":"/Users/avianaftali/WebDevEx2/src/middleware/auth.ts","statementMap":{"0":{"start":{"line":2,"column":0},"end":{"line":2,"column":49}},"1":{"start":{"line":8,"column":28},"end":{"line":42,"column":1}},"2":{"start":{"line":9,"column":4},"end":{"line":41,"column":5}},"3":{"start":{"line":11,"column":27},"end":{"line":11,"column":55}},"4":{"start":{"line":12,"column":22},"end":{"line":12,"column":60}},"5":{"start":{"line":14,"column":8},"end":{"line":18,"column":9}},"6":{"start":{"line":15,"column":12},"end":{"line":17,"column":15}},"7":{"start":{"line":21,"column":24},"end":{"line":21,"column":48}},"8":{"start":{"line":23,"column":8},"end":{"line":27,"column":9}},"9":{"start":{"line":24,"column":12},"end":{"line":26,"column":15}},"10":{"start":{"line":30,"column":9},"end":{"line":34,"column":10}},"11":{"start":{"line":36,"column":8},"end":{"line":36,"column":15}},"12":{"start":{"line":38,"column":8},"end":{"line":40,"column":11}},"13":{"start":{"line":8,"column":13},"end":{"line":8,"column":28}}},"fnMap":{"0":{"name":"(anonymous_0)","decl":{"start":{"line":8,"column":28},"end":{"line":8,"column":29}},"loc":{"start":{"line":8,"column":80},"end":{"line":42,"column":1}}}},"branchMap":{"0":{"loc":{"start":{"line":12,"column":22},"end":{"line":12,"column":60}},"type":"binary-expr","locations":[{"start":{"line":12,"column":22},"end":{"line":12,"column":32}},{"start":{"line":12,"column":36},"end":{"line":12,"column":60}}]},"1":{"loc":{"start":{"line":14,"column":8},"end":{"line":18,"column":9}},"type":"if","locations":[{"start":{"line":14,"column":8},"end":{"line":18,"column":9}},{"start":{},"end":{}}]},"2":{"loc":{"start":{"line":23,"column":8},"end":{"line":27,"column":9}},"type":"if","locations":[{"start":{"line":23,"column":8},"end":{"line":27,"column":9}},{"start":{},"end":{}}]}},"s":{"0":5,"1":5,"2":32,"3":32,"4":32,"5":32,"6":10,"7":22,"8":22,"9":4,"10":18,"11":18,"12":0,"13":5},"f":{"0":32},"b":{"0":[32,22],"1":[10,22],"2":[4,18]}}
,"/Users/avianaftali/WebDevEx2/src/models/comment.ts": {"path":"/Users/avianaftali/WebDevEx2/src/models/comment.ts","statementMap":{"0":{"start":{"line":1,"column":0},"end":{"line":1,"column":44}},"1":{"start":{"line":3,"column":30},"end":{"line":17,"column":null}},"2":{"start":{"line":20,"column":0},"end":{"line":20,"column":57}}},"fnMap":{},"branchMap":{},"s":{"0":5,"1":5,"2":5},"f":{},"b":{}}
,"/Users/avianaftali/WebDevEx2/src/models/post.ts": {"path":"/Users/avianaftali/WebDevEx2/src/models/post.ts","statementMap":{"0":{"start":{"line":1,"column":0},"end":{"line":1,"column":44}},"1":{"start":{"line":3,"column":27},"end":{"line":13,"column":null}},"2":{"start":{"line":16,"column":0},"end":{"line":16,"column":51}}},"fnMap":{},"branchMap":{},"s":{"0":5,"1":5,"2":5},"f":{},"b":{}}
,"/Users/avianaftali/WebDevEx2/src/models/user.ts": {"path":"/Users/avianaftali/WebDevEx2/src/models/user.ts","statementMap":{"0":{"start":{"line":1,"column":0},"end":{"line":1,"column":44}},"1":{"start":{"line":2,"column":0},"end":{"line":2,"column":30}},"2":{"start":{"line":5,"column":27},"end":{"line":49,"column":null}},"3":{"start":{"line":53,"column":0},"end":{"line":62,"column":3}},"4":{"start":{"line":55,"column":4},"end":{"line":57,"column":5}},"5":{"start":{"line":56,"column":8},"end":{"line":56,"column":15}},"6":{"start":{"line":60,"column":17},"end":{"line":60,"column":41}},"7":{"start":{"line":61,"column":4},"end":{"line":61,"column":69}},"8":{"start":{"line":65,"column":0},"end":{"line":67,"column":2}},"9":{"start":{"line":66,"column":4},"end":{"line":66,"column":66}},"10":{"start":{"line":69,"column":0},"end":{"line":69,"column":50}}},"fnMap":{"0":{"name":"(anonymous_17)","decl":{"start":{"line":53,"column":23},"end":{"line":53,"column":null}},"loc":{"start":{"line":53,"column":23},"end":{"line":62,"column":2}}},"1":{"name":"(anonymous_19)","decl":{"start":{"line":65,"column":37},"end":{"line":65,"column":53}},"loc":{"start":{"line":65,"column":78},"end":{"line":67,"column":2}}}},"branchMap":{"0":{"loc":{"start":{"line":55,"column":4},"end":{"line":57,"column":5}},"type":"if","locations":[{"start":{"line":55,"column":4},"end":{"line":57,"column":5}},{"start":{},"end":{}}]}},"s":{"0":5,"1":5,"2":5,"3":5,"4":130,"5":86,"6":44,"7":44,"8":5,"9":42,"10":5},"f":{"0":130,"1":42},"b":{"0":[86,44]}}
,"/Users/avianaftali/WebDevEx2/src/routes/auth.ts": {"path":"/Users/avianaftali/WebDevEx2/src/routes/auth.ts","statementMap":{"0":{"start":{"line":1,"column":0},"end":{"line":1,"column":33}},"1":{"start":{"line":2,"column":0},"end":{"line":2,"column":49}},"2":{"start":{"line":3,"column":0},"end":{"line":3,"column":50}},"3":{"start":{"line":5,"column":15},"end":{"line":5,"column":23}},"4":{"start":{"line":81,"column":0},"end":{"line":81,"column":50}},"5":{"start":{"line":82,"column":0},"end":{"line":82,"column":44}},"6":{"start":{"line":85,"column":0},"end":{"line":85,"column":60}},"7":{"start":{"line":86,"column":0},"end":{"line":86,"column":48}},"8":{"start":{"line":88,"column":0},"end":{"line":88,"column":22}}},"fnMap":{},"branchMap":{},"s":{"0":5,"1":5,"2":5,"3":5,"4":5,"5":5,"6":5,"7":5,"8":5},"f":{},"b":{}}
,"/Users/avianaftali/WebDevEx2/src/routes/comment.ts": {"path":"/Users/avianaftali/WebDevEx2/src/routes/comment.ts","statementMap":{"0":{"start":{"line":1,"column":0},"end":{"line":1,"column":30}},"1":{"start":{"line":2,"column":22},"end":{"line":2,"column":38}},"2":{"start":{"line":98,"column":0},"end":{"line":98,"column":55}},"3":{"start":{"line":99,"column":0},"end":{"line":99,"column":50}},"4":{"start":{"line":103,"column":0},"end":{"line":103,"column":57}},"5":{"start":{"line":106,"column":0},"end":{"line":106,"column":67}},"6":{"start":{"line":109,"column":0},"end":{"line":109,"column":84}},"7":{"start":{"line":112,"column":0},"end":{"line":112,"column":87}},"8":{"start":{"line":114,"column":0},"end":{"line":114,"column":29}}},"fnMap":{},"branchMap":{},"s":{"0":5,"1":5,"2":5,"3":5,"4":5,"5":5,"6":5,"7":5,"8":5},"f":{},"b":{}}
,"/Users/avianaftali/WebDevEx2/src/routes/posts.ts": {"path":"/Users/avianaftali/WebDevEx2/src/routes/posts.ts","statementMap":{"0":{"start":{"line":1,"column":0},"end":{"line":1,"column":30}},"1":{"start":{"line":2,"column":0},"end":{"line":2,"column":51}},"2":{"start":{"line":3,"column":0},"end":{"line":3,"column":55}},"3":{"start":{"line":4,"column":0},"end":{"line":4,"column":50}},"4":{"start":{"line":6,"column":19},"end":{"line":6,"column":35}},"5":{"start":{"line":164,"column":0},"end":{"line":164,"column":63}},"6":{"start":{"line":167,"column":0},"end":{"line":167,"column":46}},"7":{"start":{"line":170,"column":0},"end":{"line":170,"column":56}},"8":{"start":{"line":173,"column":0},"end":{"line":173,"column":73}},"9":{"start":{"line":176,"column":0},"end":{"line":176,"column":76}},"10":{"start":{"line":179,"column":0},"end":{"line":179,"column":83}},"11":{"start":{"line":182,"column":0},"end":{"line":182,"column":72}},"12":{"start":{"line":184,"column":0},"end":{"line":184,"column":26}}},"fnMap":{},"branchMap":{},"s":{"0":5,"1":5,"2":5,"3":5,"4":5,"5":5,"6":5,"7":5,"8":5,"9":5,"10":5,"11":5,"12":5},"f":{},"b":{}}
,"/Users/avianaftali/WebDevEx2/src/routes/user.ts": {"path":"/Users/avianaftali/WebDevEx2/src/routes/user.ts","statementMap":{"0":{"start":{"line":1,"column":0},"end":{"line":1,"column":33}},"1":{"start":{"line":2,"column":0},"end":{"line":2,"column":49}},"2":{"start":{"line":3,"column":0},"end":{"line":3,"column":50}},"3":{"start":{"line":5,"column":15},"end":{"line":5,"column":23}},"4":{"start":{"line":141,"column":0},"end":{"line":141,"column":44}},"5":{"start":{"line":145,"column":0},"end":{"line":145,"column":58}},"6":{"start":{"line":148,"column":0},"end":{"line":148,"column":72}},"7":{"start":{"line":151,"column":0},"end":{"line":151,"column":78}},"8":{"start":{"line":154,"column":0},"end":{"line":154,"column":65}},"9":{"start":{"line":157,"column":0},"end":{"line":157,"column":68}},"10":{"start":{"line":160,"column":0},"end":{"line":160,"column":71}},"11":{"start":{"line":162,"column":0},"end":{"line":162,"column":22}}},"fnMap":{},"branchMap":{},"s":{"0":5,"1":5,"2":5,"3":5,"4":5,"5":5,"6":5,"7":5,"8":5,"9":5,"10":5,"11":5},"f":{},"b":{}}
,"/Users/avianaftali/WebDevEx2/src/utils/jwt.ts": {"path":"/Users/avianaftali/WebDevEx2/src/utils/jwt.ts","statementMap":{"0":{"start":{"line":1,"column":0},"end":{"line":1,"column":31}},"1":{"start":{"line":2,"column":0},"end":{"line":2,"column":28}},"2":{"start":{"line":5,"column":28},"end":{"line":5,"column":89}},"3":{"start":{"line":6,"column":29},"end":{"line":6,"column":92}},"4":{"start":{"line":9,"column":28},"end":{"line":9,"column":68}},"5":{"start":{"line":10,"column":29},"end":{"line":10,"column":69}},"6":{"start":{"line":21,"column":35},"end":{"line":25,"column":1}},"7":{"start":{"line":22,"column":4},"end":{"line":24,"column":7}},"8":{"start":{"line":21,"column":13},"end":{"line":21,"column":35}},"9":{"start":{"line":30,"column":36},"end":{"line":37,"column":1}},"10":{"start":{"line":32,"column":18},"end":{"line":32,"column":56}},"11":{"start":{"line":33,"column":4},"end":{"line":36,"column":7}},"12":{"start":{"line":30,"column":13},"end":{"line":30,"column":36}},"13":{"start":{"line":42,"column":33},"end":{"line":48,"column":1}},"14":{"start":{"line":43,"column":4},"end":{"line":47,"column":5}},"15":{"start":{"line":44,"column":8},"end":{"line":44,"column":70}},"16":{"start":{"line":46,"column":8},"end":{"line":46,"column":20}},"17":{"start":{"line":42,"column":13},"end":{"line":42,"column":33}},"18":{"start":{"line":53,"column":34},"end":{"line":59,"column":1}},"19":{"start":{"line":54,"column":4},"end":{"line":58,"column":5}},"20":{"start":{"line":55,"column":8},"end":{"line":55,"column":71}},"21":{"start":{"line":57,"column":8},"end":{"line":57,"column":20}},"22":{"start":{"line":53,"column":13},"end":{"line":53,"column":34}}},"fnMap":{"0":{"name":"(anonymous_1)","decl":{"start":{"line":21,"column":35},"end":{"line":21,"column":36}},"loc":{"start":{"line":21,"column":69},"end":{"line":25,"column":1}}},"1":{"name":"(anonymous_2)","decl":{"start":{"line":30,"column":36},"end":{"line":30,"column":37}},"loc":{"start":{"line":30,"column":70},"end":{"line":37,"column":1}}},"2":{"name":"(anonymous_3)","decl":{"start":{"line":42,"column":33},"end":{"line":42,"column":34}},"loc":{"start":{"line":42,"column":72},"end":{"line":48,"column":1}}},"3":{"name":"(anonymous_4)","decl":{"start":{"line":53,"column":34},"end":{"line":53,"column":35}},"loc":{"start":{"line":53,"column":73},"end":{"line":59,"column":1}}}},"branchMap":{"0":{"loc":{"start":{"line":5,"column":28},"end":{"line":5,"column":89}},"type":"binary-expr","locations":[{"start":{"line":5,"column":28},"end":{"line":5,"column":59}},{"start":{"line":5,"column":63},"end":{"line":5,"column":89}}]},"1":{"loc":{"start":{"line":6,"column":29},"end":{"line":6,"column":92}},"type":"binary-expr","locations":[{"start":{"line":6,"column":29},"end":{"line":6,"column":61}},{"start":{"line":6,"column":65},"end":{"line":6,"column":92}}]},"2":{"loc":{"start":{"line":9,"column":28},"end":{"line":9,"column":68}},"type":"binary-expr","locations":[{"start":{"line":9,"column":28},"end":{"line":9,"column":59}},{"start":{"line":9,"column":63},"end":{"line":9,"column":68}}]},"3":{"loc":{"start":{"line":10,"column":29},"end":{"line":10,"column":69}},"type":"binary-expr","locations":[{"start":{"line":10,"column":29},"end":{"line":10,"column":61}},{"start":{"line":10,"column":65},"end":{"line":10,"column":69}}]}},"s":{"0":6,"1":6,"2":6,"3":6,"4":6,"5":6,"6":6,"7":86,"8":6,"9":6,"10":87,"11":87,"12":6,"13":6,"14":24,"15":24,"16":5,"17":6,"18":6,"19":6,"20":6,"21":2,"22":6},"f":{"0":86,"1":87,"2":24,"3":6},"b":{"0":[6,0],"1":[6,0],"2":[6,0],"3":[6,0]}}
}
