TN:
SF:src/app.ts
FN:22,(anonymous_1)
FN:23,(anonymous_2)
FN:30,(anonymous_3)
FN:34,(anonymous_4)
FN:35,(anonymous_5)
FNF:5
FNH:4
FNDA:4,(anonymous_1)
FNDA:4,(anonymous_2)
FNDA:4,(anonymous_3)
FNDA:0,(anonymous_4)
FNDA:4,(anonymous_5)
DA:1,4
DA:2,4
DA:4,4
DA:5,4
DA:6,4
DA:7,4
DA:8,4
DA:9,4
DA:10,4
DA:11,4
DA:13,4
DA:14,4
DA:15,4
DA:16,4
DA:17,4
DA:18,4
DA:19,4
DA:20,4
DA:22,4
DA:23,4
DA:24,4
DA:25,4
DA:26,0
DA:27,0
DA:29,4
DA:31,4
DA:33,4
DA:34,4
DA:35,4
DA:38,4
DA:41,4
LF:31
LH:29
BRDA:25,0,0,0
BRDA:25,0,1,4
BRF:2
BRH:1
end_of_record
TN:
SF:src/server.ts
FN:5,(anonymous_1)
FN:6,(anonymous_2)
FNF:2
FNH:0
FNDA:0,(anonymous_1)
FNDA:0,(anonymous_2)
DA:1,0
DA:3,0
DA:5,0
DA:6,0
DA:7,0
LF:5
LH:0
BRDA:3,0,0,0
BRDA:3,0,1,0
BRF:2
BRH:0
end_of_record
TN:
SF:src/swagger.ts
FN:61,(anonymous_1)
FNF:1
FNH:0
FNDA:0,(anonymous_1)
DA:2,4
DA:3,4
DA:5,4
DA:54,4
DA:59,4
DA:61,4
DA:62,0
DA:65,4
LF:8
LH:7
BRF:0
BRH:0
end_of_record
TN:
SF:src/controllers/auth.ts
FN:13,(anonymous_8)
FN:13,(anonymous_9)
FN:80,(anonymous_10)
FN:80,(anonymous_11)
FN:147,(anonymous_12)
FN:147,(anonymous_13)
FN:204,(anonymous_14)
FN:204,(anonymous_15)
FNF:8
FNH:6
FNDA:23,(anonymous_8)
FNDA:23,(anonymous_9)
FNDA:22,(anonymous_10)
FNDA:22,(anonymous_11)
FNDA:0,(anonymous_12)
FNDA:0,(anonymous_13)
FNDA:1,(anonymous_14)
FNDA:1,(anonymous_15)
DA:2,4
DA:3,4
DA:13,23
DA:14,23
DA:15,23
DA:18,23
DA:19,0
DA:25,23
DA:29,23
DA:30,0
DA:36,23
DA:44,23
DA:50,23
DA:51,23
DA:54,23
DA:55,0
DA:57,23
DA:58,23
DA:61,23
DA:72,0
DA:80,22
DA:81,22
DA:82,22
DA:85,22
DA:86,0
DA:92,22
DA:94,22
DA:95,0
DA:101,22
DA:103,22
DA:104,0
DA:110,22
DA:116,22
DA:117,22
DA:120,22
DA:121,0
DA:123,22
DA:124,22
DA:127,22
DA:138,0
DA:147,4
DA:148,0
DA:150,0
DA:151,0
DA:153,0
DA:154,0
DA:160,0
DA:162,0
DA:163,0
DA:169,0
DA:171,0
DA:172,0
DA:179,0
DA:181,0
DA:182,0
DA:183,0
DA:189,0
DA:190,0
DA:191,0
DA:193,0
DA:195,0
DA:204,4
DA:205,1
DA:207,1
DA:208,1
DA:210,1
DA:211,0
DA:217,1
DA:219,1
DA:220,0
DA:226,1
DA:228,1
DA:229,0
DA:236,1
DA:238,0
DA:239,0
DA:240,0
DA:246,1
DA:252,1
DA:253,1
DA:256,1
DA:257,1
DA:258,1
DA:261,1
DA:267,0
DA:271,4
LF:86
LH:50
BRDA:18,0,0,0
BRDA:18,0,1,23
BRDA:18,1,0,23
BRDA:18,1,1,23
BRDA:18,1,2,23
BRDA:29,2,0,0
BRDA:29,2,1,23
BRDA:54,3,0,0
BRDA:54,3,1,23
BRDA:85,4,0,0
BRDA:85,4,1,22
BRDA:85,5,0,22
BRDA:85,5,1,22
BRDA:94,6,0,0
BRDA:94,6,1,22
BRDA:103,7,0,0
BRDA:103,7,1,22
BRDA:120,8,0,0
BRDA:120,8,1,22
BRDA:151,9,0,0
BRDA:151,9,1,0
BRDA:153,10,0,0
BRDA:153,10,1,0
BRDA:162,11,0,0
BRDA:162,11,1,0
BRDA:171,12,0,0
BRDA:171,12,1,0
BRDA:179,13,0,0
BRDA:179,13,1,0
BRDA:179,14,0,0
BRDA:179,14,1,0
BRDA:208,15,0,1
BRDA:208,15,1,1
BRDA:210,16,0,0
BRDA:210,16,1,1
BRDA:219,17,0,0
BRDA:219,17,1,1
BRDA:228,18,0,0
BRDA:228,18,1,1
BRDA:236,19,0,0
BRDA:236,19,1,1
BRDA:236,20,0,1
BRDA:236,20,1,1
BRF:43
BRH:20
end_of_record
TN:
SF:src/controllers/comment.ts
FN:5,(anonymous_8)
FN:5,(anonymous_9)
FN:25,(anonymous_10)
FN:25,(anonymous_11)
FN:35,(anonymous_12)
FN:35,(anonymous_13)
FN:44,(anonymous_14)
FN:44,(anonymous_15)
FN:56,(anonymous_16)
FN:56,(anonymous_17)
FN:81,(anonymous_18)
FN:81,(anonymous_19)
FNF:12
FNH:6
FNDA:1,(anonymous_8)
FNDA:1,(anonymous_9)
FNDA:1,(anonymous_10)
FNDA:1,(anonymous_11)
FNDA:0,(anonymous_12)
FNDA:0,(anonymous_13)
FNDA:0,(anonymous_14)
FNDA:0,(anonymous_15)
FNDA:0,(anonymous_16)
FNDA:0,(anonymous_17)
FNDA:1,(anonymous_18)
FNDA:1,(anonymous_19)
DA:2,4
DA:3,4
DA:5,4
DA:6,1
DA:7,1
DA:8,1
DA:9,1
DA:10,1
DA:11,0
DA:13,1
DA:18,1
DA:19,1
DA:21,0
DA:25,4
DA:26,1
DA:27,1
DA:28,1
DA:29,1
DA:31,0
DA:35,4
DA:36,0
DA:37,0
DA:38,0
DA:40,0
DA:44,4
DA:45,0
DA:46,0
DA:47,0
DA:48,0
DA:50,0
DA:52,0
DA:56,4
DA:57,0
DA:58,0
DA:59,0
DA:61,0
DA:62,0
DA:63,0
DA:67,0
DA:68,0
DA:73,0
DA:74,0
DA:76,0
DA:81,4
DA:82,1
DA:84,1
DA:85,1
DA:86,0
DA:90,1
DA:91,0
DA:96,1
DA:97,1
DA:99,0
DA:103,4
LF:54
LH:27
BRDA:10,0,0,0
BRDA:10,0,1,1
BRDA:47,1,0,0
BRDA:47,1,1,0
BRDA:62,2,0,0
BRDA:62,2,1,0
BRDA:67,3,0,0
BRDA:67,3,1,0
BRDA:85,4,0,0
BRDA:85,4,1,1
BRDA:90,5,0,0
BRDA:90,5,1,1
BRF:12
BRH:3
end_of_record
TN:
SF:src/controllers/posts.ts
FN:4,(anonymous_8)
FN:4,(anonymous_9)
FN:17,(anonymous_10)
FN:17,(anonymous_11)
FN:27,(anonymous_12)
FN:27,(anonymous_13)
FN:37,(anonymous_14)
FN:37,(anonymous_15)
FN:65,(anonymous_16)
FN:65,(anonymous_17)
FNF:10
FNH:10
FNDA:1,(anonymous_8)
FNDA:1,(anonymous_9)
FNDA:1,(anonymous_10)
FNDA:1,(anonymous_11)
FNDA:2,(anonymous_12)
FNDA:2,(anonymous_13)
FNDA:1,(anonymous_14)
FNDA:1,(anonymous_15)
FNDA:1,(anonymous_16)
FNDA:1,(anonymous_17)
DA:2,4
DA:4,4
DA:5,1
DA:7,1
DA:11,1
DA:13,0
DA:17,4
DA:18,1
DA:19,1
DA:20,1
DA:21,1
DA:23,0
DA:27,4
DA:28,2
DA:29,2
DA:30,2
DA:31,1
DA:33,0
DA:37,4
DA:38,1
DA:40,1
DA:42,1
DA:43,0
DA:47,1
DA:48,0
DA:53,1
DA:59,1
DA:61,0
DA:65,4
DA:66,1
DA:68,1
DA:70,1
DA:71,0
DA:75,1
DA:76,0
DA:81,1
DA:82,1
DA:84,0
DA:88,4
LF:39
LH:30
BRDA:19,0,0,0
BRDA:19,0,1,1
BRDA:30,1,0,1
BRDA:30,1,1,1
BRDA:42,2,0,0
BRDA:42,2,1,1
BRDA:47,3,0,0
BRDA:47,3,1,1
BRDA:70,4,0,0
BRDA:70,4,1,1
BRDA:75,5,0,0
BRDA:75,5,1,1
BRF:12
BRH:7
end_of_record
TN:
SF:src/controllers/user.ts
FN:7,(anonymous_8)
FN:7,(anonymous_9)
FN:52,(anonymous_10)
FN:52,(anonymous_11)
FN:63,(anonymous_12)
FN:63,(anonymous_13)
FN:78,(anonymous_14)
FN:78,(anonymous_15)
FN:115,(anonymous_16)
FN:115,(anonymous_17)
FN:140,(anonymous_18)
FN:140,(anonymous_19)
FN:150,(anonymous_20)
FN:150,(anonymous_21)
FNF:14
FNH:14
FNDA:2,(anonymous_8)
FNDA:2,(anonymous_9)
FNDA:1,(anonymous_10)
FNDA:1,(anonymous_11)
FNDA:1,(anonymous_12)
FNDA:1,(anonymous_13)
FNDA:1,(anonymous_14)
FNDA:1,(anonymous_15)
FNDA:1,(anonymous_16)
FNDA:1,(anonymous_17)
FNDA:1,(anonymous_18)
FNDA:1,(anonymous_19)
FNDA:1,(anonymous_20)
FNDA:1,(anonymous_21)
DA:2,4
DA:3,4
DA:4,4
DA:7,4
DA:8,2
DA:9,2
DA:12,2
DA:13,1
DA:19,1
DA:23,1
DA:24,0
DA:30,1
DA:37,1
DA:45,1
DA:47,0
DA:52,4
DA:53,1
DA:55,1
DA:56,1
DA:58,0
DA:63,4
DA:64,1
DA:65,1
DA:67,1
DA:68,0
DA:71,1
DA:73,0
DA:78,4
DA:79,1
DA:81,1
DA:82,0
DA:87,1
DA:90,1
DA:92,1
DA:93,1
DA:94,1
DA:95,1
DA:96,1
DA:98,1
DA:104,1
DA:105,0
DA:108,1
DA:110,0
DA:115,4
DA:116,1
DA:118,1
DA:119,0
DA:124,1
DA:126,1
DA:127,0
DA:130,1
DA:135,0
DA:140,4
DA:141,1
DA:142,1
DA:143,1
DA:145,0
DA:150,4
DA:151,1
DA:152,1
DA:153,1
DA:155,0
DA:159,4
LF:63
LH:50
BRDA:12,0,0,1
BRDA:12,0,1,1
BRDA:12,1,0,2
BRDA:12,1,1,2
BRDA:12,1,2,1
BRDA:23,2,0,0
BRDA:23,2,1,1
BRDA:67,3,0,0
BRDA:67,3,1,1
BRDA:81,4,0,0
BRDA:81,4,1,1
BRDA:92,5,0,0
BRDA:92,5,1,1
BRDA:93,6,0,0
BRDA:93,6,1,1
BRDA:94,7,0,1
BRDA:94,7,1,0
BRDA:95,8,0,1
BRDA:95,8,1,0
BRDA:96,9,0,0
BRDA:96,9,1,1
BRDA:104,10,0,0
BRDA:104,10,1,1
BRDA:118,11,0,0
BRDA:118,11,1,1
BRDA:126,12,0,0
BRDA:126,12,1,1
BRF:27
BRH:16
end_of_record
TN:
SF:src/middleware/auth.ts
FN:8,(anonymous_0)
FNF:1
FNH:1
FNDA:20,(anonymous_0)
DA:2,4
DA:8,4
DA:9,20
DA:11,20
DA:12,20
DA:14,20
DA:15,9
DA:21,11
DA:23,11
DA:24,0
DA:30,11
DA:36,11
DA:38,0
LF:13
LH:11
BRDA:12,0,0,20
BRDA:12,0,1,11
BRDA:14,1,0,9
BRDA:14,1,1,11
BRDA:23,2,0,0
BRDA:23,2,1,11
BRF:6
BRH:5
end_of_record
TN:
SF:src/models/comment.ts
FNF:0
FNH:0
DA:1,4
DA:3,4
DA:20,4
LF:3
LH:3
BRF:0
BRH:0
end_of_record
TN:
SF:src/models/post.ts
FNF:0
FNH:0
DA:1,4
DA:3,4
DA:16,4
LF:3
LH:3
BRF:0
BRH:0
end_of_record
TN:
SF:src/models/user.ts
FN:53,(anonymous_17)
FN:65,(anonymous_19)
FNF:2
FNH:2
FNDA:70,(anonymous_17)
FNDA:22,(anonymous_19)
DA:1,4
DA:2,4
DA:5,4
DA:53,4
DA:55,70
DA:56,46
DA:60,24
DA:61,24
DA:65,4
DA:66,22
DA:67,22
DA:69,0
DA:73,4
LF:13
LH:12
BRDA:55,0,0,46
BRDA:55,0,1,24
BRF:2
BRH:2
end_of_record
TN:
SF:src/routes/auth.ts
FNF:0
FNH:0
DA:1,4
DA:2,4
DA:3,4
DA:5,4
DA:81,4
DA:82,4
DA:85,4
DA:86,4
DA:88,4
LF:9
LH:9
BRF:0
BRH:0
end_of_record
TN:
SF:src/routes/comment.ts
FNF:0
FNH:0
DA:1,4
DA:2,4
DA:98,4
DA:99,4
DA:103,4
DA:106,4
DA:109,4
DA:112,4
DA:114,4
LF:9
LH:9
BRF:0
BRH:0
end_of_record
TN:
SF:src/routes/posts.ts
FNF:0
FNH:0
DA:1,4
DA:2,4
DA:3,4
DA:4,4
DA:6,4
DA:164,4
DA:167,4
DA:170,4
DA:173,4
DA:176,4
DA:179,4
DA:182,4
DA:184,4
LF:13
LH:13
BRF:0
BRH:0
end_of_record
TN:
SF:src/routes/user.ts
FNF:0
FNH:0
DA:1,4
DA:2,4
DA:3,4
DA:5,4
DA:141,4
DA:145,4
DA:148,4
DA:151,4
DA:154,4
DA:157,4
DA:160,4
DA:162,4
LF:12
LH:12
BRF:0
BRH:0
end_of_record
TN:
SF:src/tests/utils.ts
FN:7,(anonymous_8)
FN:13,(anonymous_9)
FN:23,(anonymous_10)
FN:26,(anonymous_11)
FN:36,(anonymous_12)
FN:40,(anonymous_13)
FNF:6
FNH:0
FNDA:0,(anonymous_8)
FNDA:0,(anonymous_9)
FNDA:0,(anonymous_10)
FNDA:0,(anonymous_11)
FNDA:0,(anonymous_12)
FNDA:0,(anonymous_13)
DA:2,0
DA:7,0
DA:13,0
DA:14,0
DA:17,0
DA:23,0
DA:26,0
DA:27,0
DA:30,0
DA:36,0
DA:40,0
DA:41,0
DA:42,0
DA:46,0
DA:52,0
DA:60,0
LF:16
LH:0
BRDA:36,0,0,0
BRF:1
BRH:0
end_of_record
TN:
SF:src/utils/jwt.ts
FN:21,(anonymous_1)
FN:30,(anonymous_2)
FN:42,(anonymous_3)
FN:53,(anonymous_4)
FNF:4
FNH:4
FNDA:46,(anonymous_1)
FNDA:46,(anonymous_2)
FNDA:11,(anonymous_3)
FNDA:1,(anonymous_4)
DA:1,4
DA:2,4
DA:5,4
DA:6,4
DA:9,4
DA:10,4
DA:21,4
DA:22,46
DA:30,4
DA:32,46
DA:33,46
DA:42,4
DA:43,11
DA:44,11
DA:46,0
DA:53,4
DA:54,1
DA:55,1
DA:57,0
LF:19
LH:17
BRDA:5,0,0,4
BRDA:5,0,1,0
BRDA:6,1,0,4
BRDA:6,1,1,0
BRDA:9,2,0,4
BRDA:9,2,1,0
BRDA:10,3,0,4
BRDA:10,3,1,0
BRF:8
BRH:4
end_of_record
